[debug] [2024-11-20T20:19:55.876Z] ----------------------------------------------------------------------
[debug] [2024-11-20T20:19:55.879Z] Command:       C:\Program Files\nodejs\node.exe C:\Users\Gauri Patole\AppData\Roaming\npm\node_modules\firebase-tools\lib\bin\firebase.js login
[debug] [2024-11-20T20:19:55.879Z] CLI Version:   13.15.0
[debug] [2024-11-20T20:19:55.880Z] Platform:      win32
[debug] [2024-11-20T20:19:55.880Z] Node Version:  v23.2.0
[debug] [2024-11-20T20:19:55.880Z] Time:          Wed Nov 20 2024 12:19:55 GMT-0800 (Pacific Standard Time)
[debug] [2024-11-20T20:19:55.880Z] ----------------------------------------------------------------------
[debug] 
[info] i  Firebase optionally collects CLI and Emulator Suite usage and error reporting information to help improve our products. Data is collected in accordance with Google's privacy policy (https://policies.google.com/privacy) and is not used to identify you.
 
[info] i  To change your data collection preference at any time, run `firebase logout` and log in again. 
[info] 
[info] Visit this URL on this device to log in:
[info] https://accounts.google.com/o/oauth2/auth?client_id=563584335869-fgrhgmd47bqnekij5i8b5pr03ho849e6.apps.googleusercontent.com&scope=email%20openid%20https%3A%2F%2Fwww.googleapis.com%2Fauth%2Fcloudplatformprojects.readonly%20https%3A%2F%2Fwww.googleapis.com%2Fauth%2Ffirebase%20https%3A%2F%2Fwww.googleapis.com%2Fauth%2Fcloud-platform&response_type=code&state=617395001&redirect_uri=http%3A%2F%2Flocalhost%3A9005
[info] 
[info] Waiting for authentication...
[debug] [2024-11-20T20:19:58.953Z] Error: spawn cmd ENOENT
    at ChildProcess._handle.onexit (node:internal/child_process:286:19)
    at onErrorNT (node:internal/child_process:484:16)
    at process.processTicksAndRejections (node:internal/process/task_queues:90:21)
[error] 
[error] Error: An unexpected error has occurred.
